<?xml version="1.0" encoding="UTF-8"?>
<robot generator="Robot 4.1.2 (Python 3.9.2 on darwin)" generated="20211105 20:57:01.339" rpa="false" schemaversion="2">
<suite id="s1" name="TC3 CRUD" source="/Users/abiryusuf/Documents/RestApi_Robot/TestCases/TC3_CRUD.robot">
<test id="s1-t1" name="TC3:Returns all books">
<kw name="Create Session" library="RequestsLibrary">
<arg>mysession</arg>
<arg>${base_url}</arg>
<doc>Create Session: create a HTTP session to a server</doc>
<msg timestamp="20211105 20:57:01.481" level="INFO">Creating Session using : alias=mysession, url=https://simple-books-api.glitch.me, headers={},                     cookies={}, auth=None, timeout=None, proxies=None, verify=False,                     debug=0 </msg>
<status status="PASS" starttime="20211105 20:57:01.481" endtime="20211105 20:57:01.482"/>
</kw>
<kw name="Get Request" library="RequestsLibrary">
<var>${response}</var>
<arg>mysession</arg>
<arg>/orders</arg>
<arg>${headers}</arg>
<doc>*DEPRECATED* Please use `GET On Session` instead.</doc>
<msg timestamp="20211105 20:57:01.482" level="WARN">Keyword 'RequestsLibrary.Get Request' is deprecated. Please use `GET On Session` instead.</msg>
<msg timestamp="20211105 20:57:01.486" level="FAIL">AttributeError: 'str' object has no attribute 'items'</msg>
<status status="FAIL" starttime="20211105 20:57:01.482" endtime="20211105 20:57:01.486"/>
</kw>
<kw name="Log To Console" library="BuiltIn">
<arg>${response.status_code}</arg>
<doc>Logs the given message to the console.</doc>
<status status="NOT RUN" starttime="20211105 20:57:01.487" endtime="20211105 20:57:01.487"/>
</kw>
<kw name="Log To Console" library="BuiltIn">
<arg>${response.content}</arg>
<doc>Logs the given message to the console.</doc>
<status status="NOT RUN" starttime="20211105 20:57:01.487" endtime="20211105 20:57:01.487"/>
</kw>
<kw name="Convert To String" library="BuiltIn">
<var>${status_code}</var>
<arg>${response.status_code}</arg>
<doc>Converts the given item to a Unicode string.</doc>
<status status="NOT RUN" starttime="20211105 20:57:01.488" endtime="20211105 20:57:01.488"/>
</kw>
<kw name="Should Be Equal" library="BuiltIn">
<arg>${status_code}</arg>
<arg>200</arg>
<doc>Fails if the given objects are unequal.</doc>
<status status="NOT RUN" starttime="20211105 20:57:01.488" endtime="20211105 20:57:01.488"/>
</kw>
<status status="FAIL" starttime="20211105 20:57:01.480" endtime="20211105 20:57:01.488">AttributeError: 'str' object has no attribute 'items'</status>
</test>
<status status="FAIL" starttime="20211105 20:57:01.348" endtime="20211105 20:57:01.489"/>
</suite>
<statistics>
<total>
<stat pass="0" fail="1" skip="0">All Tests</stat>
</total>
<tag>
</tag>
<suite>
<stat pass="0" fail="1" skip="0" id="s1" name="TC3 CRUD">TC3 CRUD</stat>
</suite>
</statistics>
<errors>
<msg timestamp="20211105 20:57:01.482" level="WARN">Keyword 'RequestsLibrary.Get Request' is deprecated. Please use `GET On Session` instead.</msg>
</errors>
</robot>
